Build started 12/12/2016 1:10:21 PM.
     1>Project "C:\Users\Conner Schacherer\Documents\CS 4600 Computer Graphics\HW5\005-Raytracing.vcxproj" on node 2 (Build target(s)).
     1>ClCompile:
         C:\Program Files (x86)\Microsoft Visual Studio 12.0\VC\bin\x86_amd64\CL.exe /c /Iext\Eigen /Zi /nologo /W3 /WX- /sdl /O2 /Oi /GL /D _MBCS /D _MBCS /D _CRT_SECURE_NO_WARNINGS /Gm- /EHsc /MD /GS /Gy /fp:precise /Zc:wchar_t /Zc:forScope /Fo"x64\Release\\" /Fd"x64\Release\vc120.pdb" /Gd /TP /errorReport:prompt main.cpp
         main.cpp
     1>main.cpp(61): warning C4305: 'argument' : truncation from 'double' to 'const float'
     1>main.cpp(84): warning C4305: 'argument' : truncation from 'double' to 'const float'
     1>main.cpp(106): warning C4267: 'initializing' : conversion from 'size_t' to 'int', possible loss of data
     1>main.cpp(123): warning C4267: 'initializing' : conversion from 'size_t' to 'int', possible loss of data
     1>main.cpp(176): warning C4244: 'initializing' : conversion from 'double' to 'float', possible loss of data
     1>main.cpp(214): warning C4305: 'argument' : truncation from 'double' to 'const float'
     1>main.cpp(215): warning C4305: 'argument' : truncation from 'double' to 'const float'
     1>main.cpp(216): warning C4305: 'argument' : truncation from 'double' to 'const float'
     1>main.cpp(217): warning C4305: 'argument' : truncation from 'double' to 'const float'
       Link:
         C:\Program Files (x86)\Microsoft Visual Studio 12.0\VC\bin\x86_amd64\link.exe /ERRORREPORT:PROMPT /OUT:"C:\Users\Conner Schacherer\Documents\CS 4600 Computer Graphics\HW5\x64\Release\005-Raytracing.exe" /NOLOGO kernel32.lib user32.lib gdi32.lib winspool.lib comdlg32.lib advapi32.lib shell32.lib ole32.lib oleaut32.lib uuid.lib odbc32.lib odbccp32.lib /MANIFEST /MANIFESTUAC:"level='asInvoker' uiAccess='false'" /manifest:embed /DEBUG /PDB:"C:\Users\Conner Schacherer\Documents\CS 4600 Computer Graphics\HW5\x64\Release\005-Raytracing.pdb" /OPT:REF /OPT:ICF /LTCG /TLBID:1 /DYNAMICBASE /NXCOMPAT /IMPLIB:"C:\Users\Conner Schacherer\Documents\CS 4600 Computer Graphics\HW5\x64\Release\005-Raytracing.lib" /MACHINE:X64 x64\Release\main.obj
         Generating code
         Finished generating code
         005-Raytracing.vcxproj -> C:\Users\Conner Schacherer\Documents\CS 4600 Computer Graphics\HW5\x64\Release\005-Raytracing.exe
     1>Done Building Project "C:\Users\Conner Schacherer\Documents\CS 4600 Computer Graphics\HW5\005-Raytracing.vcxproj" (Build target(s)).

Build succeeded.

Time Elapsed 00:00:03.07
